Flutter crash report; please file at https://github.com/flutter/flutter/issues.

## command

flutter run --machine --target lib/main.dart -d 2b20ce94 --track-widget-creation --start-paused

## exception

ArgumentError: Invalid argument(s): The source must not be null

```
#0      int.tryParse (dart:core-patch/integers_patch.dart:107:25)
#1      _AdbLogReader._start (package:flutter_tools/src/android/android_device.dart:867:32)
<asynchronous suspension>
#2      _runGuarded (dart:async/stream_controller.dart:807:24)
#3      _BroadcastStreamController._subscribe (dart:async/broadcast_stream_controller.dart:215:7)
#4      _ControllerStream._createSubscription (dart:async/stream_controller.dart:820:19)
#5      _StreamImpl.listen (dart:async/stream_impl.dart:474:9)
#6      FlutterDevice.startEchoingDeviceLog (package:flutter_tools/src/resident_runner.dart:402:38)
#7      FlutterDevice.runHot (package:flutter_tools/src/resident_runner.dart:447:5)
<asynchronous suspension>
#8      HotRunner.run (package:flutter_tools/src/run_hot.dart:266:39)
#9      AppDomain.startApp.<anonymous closure> (package:flutter_tools/src/commands/daemon.dart:479:23)
#10     AppDomain.launch.<anonymous closure> (package:flutter_tools/src/commands/daemon.dart:541:26)
#11     AppContext.run.<anonymous closure> (package:flutter_tools/src/base/context.dart:146:29)
#12     _rootRun (dart:async/zone.dart:1126:13)
#13     _CustomZone.run (dart:async/zone.dart:1023:19)
#14     _runZoned (dart:async/zone.dart:1518:10)
#15     runZoned (dart:async/zone.dart:1465:12)
#16     AppContext.run (package:flutter_tools/src/base/context.dart:145:18)
#17     AppInstance._runInZone (package:flutter_tools/src/commands/daemon.dart:939:20)
#18     AppDomain.launch (package:flutter_tools/src/commands/daemon.dart:539:15)
#19     AppDomain.startApp (package:flutter_tools/src/commands/daemon.dart:473:12)
<asynchronous suspension>
#20     RunCommand.runCommand (package:flutter_tools/src/commands/run.dart:353:38)
#21     FlutterCommand.verifyThenRunCommand (package:flutter_tools/src/runner/flutter_command.dart:615:18)
<asynchronous suspension>
#22     FlutterCommand.run.<anonymous closure> (package:flutter_tools/src/runner/flutter_command.dart:515:33)
<asynchronous suspension>
#23     AppContext.run.<anonymous closure> (package:flutter_tools/src/base/context.dart:146:29)
#24     _rootRun (dart:async/zone.dart:1126:13)
#25     _CustomZone.run (dart:async/zone.dart:1023:19)
#26     _runZoned (dart:async/zone.dart:1518:10)
#27     runZoned (dart:async/zone.dart:1465:12)
#28     AppContext.run (package:flutter_tools/src/base/context.dart:145:18)
#29     FlutterCommand.run (package:flutter_tools/src/runner/flutter_command.dart:505:20)
#30     CommandRunner.runCommand (package:args/command_runner.dart:197:27)
#31     FlutterCommandRunner.runCommand.<anonymous closure> (package:flutter_tools/src/runner/flutter_command_runner.dart:413:21)
<asynchronous suspension>
#32     AppContext.run.<anonymous closure> (package:flutter_tools/src/base/context.dart:146:29)
#33     _rootRun (dart:async/zone.dart:1126:13)
#34     _CustomZone.run (dart:async/zone.dart:1023:19)
#35     _runZoned (dart:async/zone.dart:1518:10)
#36     runZoned (dart:async/zone.dart:1465:12)
#37     AppContext.run (package:flutter_tools/src/base/context.dart:145:18)
#38     FlutterCommandRunner.runCommand (package:flutter_tools/src/runner/flutter_command_runner.dart:364:19)
#39     CommandRunner.run.<anonymous closure> (package:args/command_runner.dart:112:25)
#40     new Future.sync (dart:async/future.dart:224:31)
#41     CommandRunner.run (package:args/command_runner.dart:112:14)
#42     FlutterCommandRunner.run (package:flutter_tools/src/runner/flutter_command_runner.dart:250:18)
#43     run.<anonymous closure>.<anonymous closure> (package:flutter_tools/runner.dart:63:22)
#44     _rootRun (dart:async/zone.dart:1126:13)
#45     _CustomZone.run (dart:async/zone.dart:1023:19)
#46     _runZoned (dart:async/zone.dart:1518:10)
#47     runZoned (dart:async/zone.dart:1502:12)
#48     run.<anonymous closure> (package:flutter_tools/runner.dart:61:18)
<asynchronous suspension>
#49     AppContext.run.<anonymous closure> (package:flutter_tools/src/base/context.dart:146:29)
#50     _rootRun (dart:async/zone.dart:1126:13)
#51     _CustomZone.run (dart:async/zone.dart:1023:19)
#52     _runZoned (dart:async/zone.dart:1518:10)
#53     runZoned (dart:async/zone.dart:1465:12)
#54     AppContext.run (package:flutter_tools/src/base/context.dart:145:18)
#55     runInContext (package:flutter_tools/src/context_runner.dart:64:24)
#56     run (package:flutter_tools/runner.dart:50:10)
#57     main (package:flutter_tools/executable.dart:65:9)
#58     main (file:///Users/rahulrawat/Documents/flutter/packages/flutter_tools/bin/flutter_tools.dart:8:3)
#59     _startIsolate.<anonymous closure> (dart:isolate-patch/isolate_patch.dart:305:32)
#60     _RawReceivePortImpl._handleMessage (dart:isolate-patch/isolate_patch.dart:174:12)
```

## flutter doctor

```
[✓] Flutter (Channel unknown, v1.12.13+hotfix.8, on Mac OS X 10.15.4 19E287, locale en-GB)
    • Flutter version 1.12.13+hotfix.8 at /Users/rahulrawat/Documents/flutter
    • Framework revision 0b8abb4724 (3 months ago), 2020-02-11 11:44:36 -0800
    • Engine revision e1e6ced81d
    • Dart version 2.7.0

[✓] Android toolchain - develop for Android devices (Android SDK version 29.0.3)
    • Android SDK at /Users/rahulrawat/Library/Android/sdk
    • Android NDK location not configured (optional; useful for native profiling support)
    • Platform android-29, build-tools 29.0.3
    • Java binary at: /Applications/Android Studio.app/Contents/jre/jdk/Contents/Home/bin/java
    • Java version OpenJDK Runtime Environment (build 1.8.0_212-release-1586-b4-5784211)
    • All Android licenses accepted.

[✓] Xcode - develop for iOS and macOS (Xcode 11.4.1)
    • Xcode at /Applications/Xcode.app/Contents/Developer
    • Xcode 11.4.1, Build version 11E503a
    • CocoaPods version 1.9.1

[✓] Android Studio (version 3.6)
    • Android Studio at /Applications/Android Studio.app/Contents
    • Flutter plugin version 45.1.1
    • Dart plugin version 192.7761
    • Java version OpenJDK Runtime Environment (build 1.8.0_212-release-1586-b4-5784211)

[✓] VS Code (version 1.44.2)
    • VS Code at /Applications/Visual Studio Code.app/Contents
    • Flutter extension version 3.10.1

[✓] Connected device (1 available)
    • SM E700H • 2b20ce94 • android-arm • Android null (API null)

• No issues found!
```
